<?xml version="1.0" encoding="UTF-8"?>
<!-- Generated by org.testng.reporters.JUnitXMLReporter -->
<testsuite hostname="LAPTOP-ISVREVT8" ignored="0" name="Default test" tests="3" failures="0" timestamp="2021-08-14T21:57:19 IST" time="65.586" errors="0">
  <testcase name="loginToMyStore" time="5.132" classname="co.in.bymat.projectName.moduleName.testCases.LoginToMyStore"/>
  <testcase name="loginToMyStore" time="7.273" classname="co.in.bymat.projectName.moduleName.testCases.LoginToMyStore"/>
  <testcase name="loginToMyStore" time="6.874" classname="co.in.bymat.projectName.moduleName.testCases.LoginToMyStore"/>
</testsuite> <!-- Default test -->
